2020-12-31 13:54:46.490  INFO 17748 --- [main] com.example.demo.SareetaApplication      : Starting SareetaApplication on kumarravi-W03 with PID 17748 (C:\udacity\Java_Developer_ND\securityAndDevOps\Assignments\eCommerce-application\target\classes started by kumarravi in C:\udacity\Java_Developer_ND\securityAndDevOps\Assignments\eCommerce-application)
2020-12-31 13:54:46.503  INFO 17748 --- [main] com.example.demo.SareetaApplication      : No active profile set, falling back to default profiles: default
2020-12-31 13:54:47.642  INFO 17748 --- [main] .s.d.r.c.RepositoryConfigurationDelegate : Bootstrapping Spring Data repositories in DEFAULT mode.
2020-12-31 13:54:47.753  INFO 17748 --- [main] .s.d.r.c.RepositoryConfigurationDelegate : Finished Spring Data repository scanning in 97ms. Found 4 repository interfaces.
2020-12-31 13:54:48.448  INFO 17748 --- [main] trationDelegate$BeanPostProcessorChecker : Bean 'org.springframework.transaction.annotation.ProxyTransactionManagementConfiguration' of type [org.springframework.transaction.annotation.ProxyTransactionManagementConfiguration$$EnhancerBySpringCGLIB$$2d17ec4d] is not eligible for getting processed by all BeanPostProcessors (for example: not eligible for auto-proxying)
2020-12-31 13:54:48.811  INFO 17748 --- [main] o.s.b.w.embedded.tomcat.TomcatWebServer  : Tomcat initialized with port(s): 8080 (http)
2020-12-31 13:54:48.850  INFO 17748 --- [main] o.apache.catalina.core.StandardService   : Starting service [Tomcat]
2020-12-31 13:54:48.850  INFO 17748 --- [main] org.apache.catalina.core.StandardEngine  : Starting Servlet engine: [Apache Tomcat/9.0.19]
2020-12-31 13:54:48.858  INFO 17748 --- [main] o.a.catalina.core.AprLifecycleListener   : An older version [1.2.18] of the APR based Apache Tomcat Native library is installed, while Tomcat recommends a minimum version of [1.2.21]
2020-12-31 13:54:48.858  INFO 17748 --- [main] o.a.catalina.core.AprLifecycleListener   : Loaded APR based Apache Tomcat Native library [1.2.18] using APR version [1.6.5].
2020-12-31 13:54:48.858  INFO 17748 --- [main] o.a.catalina.core.AprLifecycleListener   : APR capabilities: IPv6 [true], sendfile [true], accept filters [false], random [true].
2020-12-31 13:54:48.858  INFO 17748 --- [main] o.a.catalina.core.AprLifecycleListener   : APR/OpenSSL configuration: useAprConnector [false], useOpenSSL [true]
2020-12-31 13:54:48.863  INFO 17748 --- [main] o.a.catalina.core.AprLifecycleListener   : OpenSSL successfully initialized [OpenSSL 1.1.1  11 Sep 2018]
2020-12-31 13:54:49.098  INFO 17748 --- [main] o.a.c.c.C.[Tomcat].[localhost].[/]       : Initializing Spring embedded WebApplicationContext
2020-12-31 13:54:49.098  INFO 17748 --- [main] o.s.web.context.ContextLoader            : Root WebApplicationContext: initialization completed in 2404 ms
2020-12-31 13:54:49.288  INFO 17748 --- [main] com.zaxxer.hikari.HikariDataSource       : HikariPool-1 - Starting...
2020-12-31 13:54:49.424  INFO 17748 --- [main] com.zaxxer.hikari.HikariDataSource       : HikariPool-1 - Start completed.
2020-12-31 13:54:49.482  INFO 17748 --- [main] o.hibernate.jpa.internal.util.LogHelper  : HHH000204: Processing PersistenceUnitInfo [
	name: default
	...]
2020-12-31 13:54:49.579  INFO 17748 --- [main] org.hibernate.Version                    : HHH000412: Hibernate Core {5.3.10.Final}
2020-12-31 13:54:49.581  INFO 17748 --- [main] org.hibernate.cfg.Environment            : HHH000206: hibernate.properties not found
2020-12-31 13:54:49.876  INFO 17748 --- [main] o.hibernate.annotations.common.Version   : HCANN000001: Hibernate Commons Annotations {5.0.4.Final}
2020-12-31 13:54:50.067  INFO 17748 --- [main] org.hibernate.dialect.Dialect            : HHH000400: Using dialect: org.hibernate.dialect.H2Dialect
2020-12-31 13:54:51.225  INFO 17748 --- [main] j.LocalContainerEntityManagerFactoryBean : Initialized JPA EntityManagerFactory for persistence unit 'default'
2020-12-31 13:54:52.187  WARN 17748 --- [main] aWebConfiguration$JpaWebMvcConfiguration : spring.jpa.open-in-view is enabled by default. Therefore, database queries may be performed during view rendering. Explicitly configure spring.jpa.open-in-view to disable this warning
2020-12-31 13:54:52.290  INFO 17748 --- [main] o.s.s.web.DefaultSecurityFilterChain     : Creating filter chain: any request, [org.springframework.security.web.context.request.async.WebAsyncManagerIntegrationFilter@7dba89c, org.springframework.security.web.context.SecurityContextPersistenceFilter@4e265f3e, org.springframework.security.web.header.HeaderWriterFilter@9a633513, org.springframework.web.filter.CorsFilter@1bf04ece, org.springframework.security.web.authentication.logout.LogoutFilter@53500cc5, com.example.demo.security.JWTAuthenticationFilter@d7bdf856, com.example.demo.security.JWTAuthenticationVerficationFilter@9fabd1c5, org.springframework.security.web.savedrequest.RequestCacheAwareFilter@6cbee1ad, org.springframework.security.web.servletapi.SecurityContextHolderAwareRequestFilter@d97120b, org.springframework.security.web.authentication.AnonymousAuthenticationFilter@c9200365, org.springframework.security.web.session.SessionManagementFilter@88b54f2d, org.springframework.security.web.access.ExceptionTranslationFilter@47b0b918, org.springframework.security.web.access.intercept.FilterSecurityInterceptor@a81580d9]
2020-12-31 13:54:52.461  INFO 17748 --- [main] o.s.s.concurrent.ThreadPoolTaskExecutor  : Initializing ExecutorService 'applicationTaskExecutor'
2020-12-31 13:54:52.672  INFO 17748 --- [main] o.s.b.w.embedded.tomcat.TomcatWebServer  : Tomcat started on port(s): 8080 (http) with context path ''
2020-12-31 13:54:52.678  INFO 17748 --- [main] com.example.demo.SareetaApplication      : Started SareetaApplication in 7.578 seconds (JVM running for 9.764)
