2020-12-31 16:01:50.051  INFO 31000 --- [main] com.example.demo.LoginTest               : Starting LoginTest on kumarravi-W03 with PID 31000 (started by kumarravi in C:\udacity\Java_Developer_ND\securityAndDevOps\Assignments\eCommerce-application)
2020-12-31 16:01:50.054  INFO 31000 --- [main] com.example.demo.LoginTest               : No active profile set, falling back to default profiles: default
2020-12-31 16:01:51.264  INFO 31000 --- [main] .s.d.r.c.RepositoryConfigurationDelegate : Bootstrapping Spring Data repositories in DEFAULT mode.
2020-12-31 16:01:51.400  INFO 31000 --- [main] .s.d.r.c.RepositoryConfigurationDelegate : Finished Spring Data repository scanning in 120ms. Found 4 repository interfaces.
2020-12-31 16:01:52.331  INFO 31000 --- [main] trationDelegate$BeanPostProcessorChecker : Bean 'org.springframework.transaction.annotation.ProxyTransactionManagementConfiguration' of type [org.springframework.transaction.annotation.ProxyTransactionManagementConfiguration$$EnhancerBySpringCGLIB$$e4b5b21c] is not eligible for getting processed by all BeanPostProcessors (for example: not eligible for auto-proxying)
2020-12-31 16:01:52.968  INFO 31000 --- [main] o.s.b.w.embedded.tomcat.TomcatWebServer  : Tomcat initialized with port(s): 0 (http)
2020-12-31 16:01:53.007  INFO 31000 --- [main] o.apache.catalina.core.StandardService   : Starting service [Tomcat]
2020-12-31 16:01:53.007  INFO 31000 --- [main] org.apache.catalina.core.StandardEngine  : Starting Servlet engine: [Apache Tomcat/9.0.19]
2020-12-31 16:01:53.021  INFO 31000 --- [main] o.a.catalina.core.AprLifecycleListener   : An older version [1.2.18] of the APR based Apache Tomcat Native library is installed, while Tomcat recommends a minimum version of [1.2.21]
2020-12-31 16:01:53.021  INFO 31000 --- [main] o.a.catalina.core.AprLifecycleListener   : Loaded APR based Apache Tomcat Native library [1.2.18] using APR version [1.6.5].
2020-12-31 16:01:53.022  INFO 31000 --- [main] o.a.catalina.core.AprLifecycleListener   : APR capabilities: IPv6 [true], sendfile [true], accept filters [false], random [true].
2020-12-31 16:01:53.022  INFO 31000 --- [main] o.a.catalina.core.AprLifecycleListener   : APR/OpenSSL configuration: useAprConnector [false], useOpenSSL [true]
2020-12-31 16:01:53.025  INFO 31000 --- [main] o.a.catalina.core.AprLifecycleListener   : OpenSSL successfully initialized [OpenSSL 1.1.1  11 Sep 2018]
2020-12-31 16:01:53.390  INFO 31000 --- [main] o.a.c.c.C.[Tomcat].[localhost].[/]       : Initializing Spring embedded WebApplicationContext
2020-12-31 16:01:53.390  INFO 31000 --- [main] o.s.web.context.ContextLoader            : Root WebApplicationContext: initialization completed in 3248 ms
2020-12-31 16:01:53.754  INFO 31000 --- [main] com.zaxxer.hikari.HikariDataSource       : HikariPool-1 - Starting...
2020-12-31 16:01:54.107  INFO 31000 --- [main] com.zaxxer.hikari.HikariDataSource       : HikariPool-1 - Start completed.
2020-12-31 16:01:54.233  INFO 31000 --- [main] o.hibernate.jpa.internal.util.LogHelper  : HHH000204: Processing PersistenceUnitInfo [
	name: default
	...]
2020-12-31 16:01:54.504  INFO 31000 --- [main] org.hibernate.Version                    : HHH000412: Hibernate Core {5.3.10.Final}
2020-12-31 16:01:54.510  INFO 31000 --- [main] org.hibernate.cfg.Environment            : HHH000206: hibernate.properties not found
2020-12-31 16:01:54.876  INFO 31000 --- [main] o.hibernate.annotations.common.Version   : HCANN000001: Hibernate Commons Annotations {5.0.4.Final}
2020-12-31 16:01:55.237  INFO 31000 --- [main] org.hibernate.dialect.Dialect            : HHH000400: Using dialect: org.hibernate.dialect.H2Dialect
2020-12-31 16:01:56.927  INFO 31000 --- [main] j.LocalContainerEntityManagerFactoryBean : Initialized JPA EntityManagerFactory for persistence unit 'default'
2020-12-31 16:01:58.288  WARN 31000 --- [main] aWebConfiguration$JpaWebMvcConfiguration : spring.jpa.open-in-view is enabled by default. Therefore, database queries may be performed during view rendering. Explicitly configure spring.jpa.open-in-view to disable this warning
2020-12-31 16:01:58.460  INFO 31000 --- [main] o.s.s.web.DefaultSecurityFilterChain     : Creating filter chain: any request, [org.springframework.security.web.context.request.async.WebAsyncManagerIntegrationFilter@f9bb1431, org.springframework.security.web.context.SecurityContextPersistenceFilter@f18f266e, org.springframework.security.web.header.HeaderWriterFilter@9566df9c, org.springframework.web.filter.CorsFilter@bd1d1df4, org.springframework.security.web.authentication.logout.LogoutFilter@5b8a0711, com.example.demo.security.JWTAuthenticationFilter@f69a654f, com.example.demo.security.JWTAuthenticationVerficationFilter@193cc09b, org.springframework.security.web.savedrequest.RequestCacheAwareFilter@35560021, org.springframework.security.web.servletapi.SecurityContextHolderAwareRequestFilter@a5774b25, org.springframework.security.web.authentication.AnonymousAuthenticationFilter@fcd12380, org.springframework.security.web.session.SessionManagementFilter@16ea7629, org.springframework.security.web.access.ExceptionTranslationFilter@317db1bb, org.springframework.security.web.access.intercept.FilterSecurityInterceptor@22ea0fd0]
2020-12-31 16:01:58.974  INFO 31000 --- [main] o.s.s.concurrent.ThreadPoolTaskExecutor  : Initializing ExecutorService 'applicationTaskExecutor'
2020-12-31 16:01:59.522  INFO 31000 --- [main] o.s.b.w.embedded.tomcat.TomcatWebServer  : Tomcat started on port(s): 57856 (http) with context path ''
2020-12-31 16:01:59.526  INFO 31000 --- [main] com.example.demo.LoginTest               : Started LoginTest in 10.313 seconds (JVM running for 12.192)
2020-12-31 16:01:59.977  INFO 31000 --- [http-nio-auto-1-exec-1] o.a.c.c.C.[Tomcat].[localhost].[/]       : Initializing Spring DispatcherServlet 'dispatcherServlet'
2020-12-31 16:01:59.977  INFO 31000 --- [http-nio-auto-1-exec-1] o.s.web.servlet.DispatcherServlet        : Initializing Servlet 'dispatcherServlet'
2020-12-31 16:02:00.016  INFO 31000 --- [http-nio-auto-1-exec-1] o.s.web.servlet.DispatcherServlet        : Completed initialization in 38 ms
2020-12-31 16:02:00.109  INFO 31000 --- [http-nio-auto-1-exec-1] c.e.demo.controllers.UserController      : Create User with UserName ravikr42 is received
2020-12-31 16:02:00.469  INFO 31000 --- [http-nio-auto-1-exec-2] o.h.h.i.QueryTranslatorFactoryInitiator  : HHH000397: Using ASTQueryTranslatorFactory
2020-12-31 16:02:00.870  INFO 31000 --- [main] c.example.demo.SareetaApplicationTests   : Starting SareetaApplicationTests on kumarravi-W03 with PID 31000 (started by kumarravi in C:\udacity\Java_Developer_ND\securityAndDevOps\Assignments\eCommerce-application)
2020-12-31 16:02:00.871  INFO 31000 --- [main] c.example.demo.SareetaApplicationTests   : No active profile set, falling back to default profiles: default
2020-12-31 16:02:01.222  INFO 31000 --- [main] .s.d.r.c.RepositoryConfigurationDelegate : Bootstrapping Spring Data repositories in DEFAULT mode.
2020-12-31 16:02:01.252  INFO 31000 --- [main] .s.d.r.c.RepositoryConfigurationDelegate : Finished Spring Data repository scanning in 29ms. Found 4 repository interfaces.
2020-12-31 16:02:01.382  INFO 31000 --- [main] trationDelegate$BeanPostProcessorChecker : Bean 'org.springframework.transaction.annotation.ProxyTransactionManagementConfiguration' of type [org.springframework.transaction.annotation.ProxyTransactionManagementConfiguration$$EnhancerBySpringCGLIB$$e4b5b21c] is not eligible for getting processed by all BeanPostProcessors (for example: not eligible for auto-proxying)
2020-12-31 16:02:01.451  INFO 31000 --- [main] com.zaxxer.hikari.HikariDataSource       : HikariPool-2 - Starting...
2020-12-31 16:02:01.453  INFO 31000 --- [main] com.zaxxer.hikari.HikariDataSource       : HikariPool-2 - Start completed.
2020-12-31 16:02:01.481  INFO 31000 --- [main] o.hibernate.jpa.internal.util.LogHelper  : HHH000204: Processing PersistenceUnitInfo [
	name: default
	...]
2020-12-31 16:02:01.509  INFO 31000 --- [main] org.hibernate.dialect.Dialect            : HHH000400: Using dialect: org.hibernate.dialect.H2Dialect
2020-12-31 16:02:01.758  INFO 31000 --- [main] j.LocalContainerEntityManagerFactoryBean : Initialized JPA EntityManagerFactory for persistence unit 'default'
2020-12-31 16:02:02.441  WARN 31000 --- [main] aWebConfiguration$JpaWebMvcConfiguration : spring.jpa.open-in-view is enabled by default. Therefore, database queries may be performed during view rendering. Explicitly configure spring.jpa.open-in-view to disable this warning
2020-12-31 16:02:02.563  INFO 31000 --- [main] o.s.s.web.DefaultSecurityFilterChain     : Creating filter chain: any request, [org.springframework.security.web.context.request.async.WebAsyncManagerIntegrationFilter@ac0755c6, org.springframework.security.web.context.SecurityContextPersistenceFilter@e80e4998, org.springframework.security.web.header.HeaderWriterFilter@f377b24e, org.springframework.web.filter.CorsFilter@16e264c2, org.springframework.security.web.authentication.logout.LogoutFilter@b9c7994, com.example.demo.security.JWTAuthenticationFilter@2c1370c6, com.example.demo.security.JWTAuthenticationVerficationFilter@86254b57, org.springframework.security.web.savedrequest.RequestCacheAwareFilter@f8f73c8f, org.springframework.security.web.servletapi.SecurityContextHolderAwareRequestFilter@89849db, org.springframework.security.web.authentication.AnonymousAuthenticationFilter@c4edf36c, org.springframework.security.web.session.SessionManagementFilter@9c2e1007, org.springframework.security.web.access.ExceptionTranslationFilter@53941ed9, org.springframework.security.web.access.intercept.FilterSecurityInterceptor@f0f6f59f]
2020-12-31 16:02:02.814  INFO 31000 --- [main] o.s.s.concurrent.ThreadPoolTaskExecutor  : Initializing ExecutorService 'applicationTaskExecutor'
2020-12-31 16:02:03.027  INFO 31000 --- [main] c.example.demo.SareetaApplicationTests   : Started SareetaApplicationTests in 2.186 seconds (JVM running for 15.693)
2020-12-31 16:02:03.330  INFO 31000 --- [main] c.e.demo.controllers.CartController      : CartController removing item with id  1 to cart
2020-12-31 16:02:03.338 ERROR 31000 --- [main] c.e.demo.controllers.CartController      : CartController user with username ravikr42 is not found
2020-12-31 16:02:03.340  INFO 31000 --- [main] c.e.demo.controllers.CartController      : CartController removing item with id  1 to cart
2020-12-31 16:02:03.341  INFO 31000 --- [main] c.e.demo.controllers.CartController      : CartController adding item with id  1 to cart
2020-12-31 16:02:03.342 ERROR 31000 --- [main] c.e.demo.controllers.CartController      : CartController item with id 1 is not found
2020-12-31 16:02:03.343  INFO 31000 --- [main] c.e.demo.controllers.CartController      : CartController adding item with id  1 to cart
2020-12-31 16:02:03.345 ERROR 31000 --- [main] c.e.demo.controllers.CartController      : CartController user with username ravikr42 is not found
2020-12-31 16:02:03.347  INFO 31000 --- [main] c.e.demo.controllers.CartController      : CartController adding item with id  1 to cart
2020-12-31 16:02:03.349  INFO 31000 --- [main] c.e.demo.controllers.CartController      : CartController removing item with id  1 to cart
2020-12-31 16:02:03.352  INFO 31000 --- [main] c.e.demo.controllers.ItemController      : ItemController requesting item by name DummyItem
2020-12-31 16:02:03.355  INFO 31000 --- [main] c.e.demo.controllers.ItemController      : ItemController requesting item by name DummyItem
2020-12-31 16:02:03.357  INFO 31000 --- [main] c.e.demo.controllers.ItemController      : ItemController requesting all items
2020-12-31 16:02:03.359  INFO 31000 --- [main] c.e.demo.controllers.ItemController      : ItemController requesting item by id 1
2020-12-31 16:02:03.361  INFO 31000 --- [main] c.e.demo.controllers.ItemController      : ItemController requesting item by id 1
2020-12-31 16:02:03.405 ERROR 31000 --- [main] c.e.demo.controllers.OrderController     : User with username ravikr42 is not found
2020-12-31 16:02:03.408 ERROR 31000 --- [main] c.e.demo.controllers.OrderController     : User with username ravikr42 is not found
2020-12-31 16:02:03.409  INFO 31000 --- [main] c.e.demo.controllers.OrderController     : Order history for ravikr42 is retrieved
2020-12-31 16:02:03.411  INFO 31000 --- [main] c.e.demo.controllers.OrderController     : order is submitted for user having username ravikr42
2020-12-31 16:02:03.439  INFO 31000 --- [main] c.e.demo.controllers.UserController      : find user with username invuser is requested
2020-12-31 16:02:03.445  INFO 31000 --- [main] c.e.demo.controllers.UserController      : Create User with UserName ravikr42 is received
2020-12-31 16:02:03.449  INFO 31000 --- [main] c.e.demo.controllers.UserController      : find user with id 1 is requested
2020-12-31 16:02:03.450  INFO 31000 --- [main] c.e.demo.controllers.UserController      : find user with id 2 is requested
2020-12-31 16:02:03.452  INFO 31000 --- [main] c.e.demo.controllers.UserController      : find user with username ravikr42 is requested
2020-12-31 16:02:03.457  INFO 31000 --- [Thread-6] o.s.s.concurrent.ThreadPoolTaskExecutor  : Shutting down ExecutorService 'applicationTaskExecutor'
2020-12-31 16:02:03.458  INFO 31000 --- [Thread-8] o.s.s.concurrent.ThreadPoolTaskExecutor  : Shutting down ExecutorService 'applicationTaskExecutor'
2020-12-31 16:02:03.464  INFO 31000 --- [Thread-8] j.LocalContainerEntityManagerFactoryBean : Closing JPA EntityManagerFactory for persistence unit 'default'
2020-12-31 16:02:03.465  INFO 31000 --- [Thread-6] j.LocalContainerEntityManagerFactoryBean : Closing JPA EntityManagerFactory for persistence unit 'default'
2020-12-31 16:02:03.470  INFO 31000 --- [Thread-8] com.zaxxer.hikari.HikariDataSource       : HikariPool-2 - Shutdown initiated...
2020-12-31 16:02:03.470  INFO 31000 --- [Thread-6] com.zaxxer.hikari.HikariDataSource       : HikariPool-1 - Shutdown initiated...
2020-12-31 16:02:03.478  INFO 31000 --- [Thread-8] com.zaxxer.hikari.HikariDataSource       : HikariPool-2 - Shutdown completed.
2020-12-31 16:02:03.479  INFO 31000 --- [Thread-6] com.zaxxer.hikari.HikariDataSource       : HikariPool-1 - Shutdown completed.
